[debug] [2023-09-11T18:22:02.837Z] ----------------------------------------------------------------------
[debug] [2023-09-11T18:22:02.838Z] Command:       /usr/local/bin/node /usr/local/bin/firebase init hosting
[debug] [2023-09-11T18:22:02.838Z] CLI Version:   12.5.2
[debug] [2023-09-11T18:22:02.838Z] Platform:      darwin
[debug] [2023-09-11T18:22:02.838Z] Node Version:  v16.13.1
[debug] [2023-09-11T18:22:02.839Z] Time:          Mon Sep 11 2023 23:52:02 GMT+0530 (India Standard Time)
[debug] [2023-09-11T18:22:02.839Z] ----------------------------------------------------------------------
[debug] 
[debug] [2023-09-11T18:22:02.869Z] > command requires scopes: ["email","openid","https://www.googleapis.com/auth/cloudplatformprojects.readonly","https://www.googleapis.com/auth/firebase","https://www.googleapis.com/auth/cloud-platform"]
[debug] [2023-09-11T18:22:02.870Z] > authorizing via signed-in user (ssaurav5759@gmail.com)
[info] 
     ######## #### ########  ######## ########     ###     ######  ########
     ##        ##  ##     ## ##       ##     ##  ##   ##  ##       ##
     ######    ##  ########  ######   ########  #########  ######  ######
     ##        ##  ##    ##  ##       ##     ## ##     ##       ## ##
     ##       #### ##     ## ######## ########  ##     ##  ######  ########

You're about to initialize a Firebase project in this directory:

  /Users/saurav/development/reactLearning/netflix-gpt

Before we get started, keep in mind:

  * You are initializing within an existing Firebase project directory

[info] 
=== Project Setup
[info] 
[info] First, let's associate this project directory with a Firebase project.
[info] You can create multiple project aliases by running firebase use --add, 
[info] but for now we'll just set up a default project.
[info] 
[debug] [2023-09-11T18:22:02.871Z] Using project from CLI flag: netflixgptclone
[debug] [2023-09-11T18:22:02.872Z] >>> [apiv2][query] GET https://firebase.googleapis.com/v1beta1/projects/netflixgptclone [none]
[debug] [2023-09-11T18:22:03.378Z] <<< [apiv2][status] GET https://firebase.googleapis.com/v1beta1/projects/netflixgptclone 200
[debug] [2023-09-11T18:22:03.379Z] <<< [apiv2][body] GET https://firebase.googleapis.com/v1beta1/projects/netflixgptclone {"projectId":"netflixgptclone","projectNumber":"1074908106699","displayName":"NetflixGPTclone","name":"projects/netflixgptclone","resources":{"hostingSite":"netflixgptclone"},"state":"ACTIVE","etag":"1_02ae6221-6fcc-4748-ac95-ec92517ce3d5"}
[info] i  Using project netflixgptclone (NetflixGPTclone) 
[info] 
=== Hosting Setup
[info] 
[info] Your public directory is the folder (relative to your project directory) that
[info] will contain Hosting assets to be uploaded with firebase deploy. If you
[info] have a build process for your assets, use your build's output directory.
[info] 
